<?xml version="1.0" encoding="UTF-8"?>
<testng-results skipped="0" failed="0" total="2" passed="2">
  <reporter-output>
  </reporter-output>
  <suite name="Suite" duration-ms="31447" started-at="2016-10-30T10:51:04Z" finished-at="2016-10-30T10:51:35Z">
    <groups>
    </groups>
    <test name="Test" duration-ms="31447" started-at="2016-10-30T10:51:04Z" finished-at="2016-10-30T10:51:35Z">
      <class name="TestCases.Login">
        <test-method status="PASS" signature="OpenBrowse()[pri:0, instance:TestCases.Login@7e0babb1]" name="OpenBrowse" is-config="true" duration-ms="13779" started-at="2016-10-30T12:51:04Z" finished-at="2016-10-30T12:51:17Z">
          <reporter-output>
          </reporter-output>
        </test-method> <!-- OpenBrowse -->
        <test-method status="PASS" signature="Login_Test_Invalid()[pri:0, instance:TestCases.Login@7e0babb1]" name="Login_Test_Invalid" duration-ms="1810" started-at="2016-10-30T12:51:17Z" finished-at="2016-10-30T12:51:19Z">
          <reporter-output>
          </reporter-output>
        </test-method> <!-- Login_Test_Invalid -->
        <test-method status="PASS" signature="CloseBrowser()[pri:0, instance:TestCases.Login@7e0babb1]" name="CloseBrowser" is-config="true" duration-ms="62" started-at="2016-10-30T12:51:19Z" finished-at="2016-10-30T12:51:19Z">
          <reporter-output>
          </reporter-output>
        </test-method> <!-- CloseBrowser -->
        <test-method status="PASS" signature="OpenBrowse()[pri:0, instance:TestCases.Login@7e0babb1]" name="OpenBrowse" is-config="true" duration-ms="10711" started-at="2016-10-30T12:51:19Z" finished-at="2016-10-30T12:51:30Z">
          <reporter-output>
          </reporter-output>
        </test-method> <!-- OpenBrowse -->
        <test-method status="PASS" signature="Login_Test_valid()[pri:0, instance:TestCases.Login@7e0babb1]" name="Login_Test_valid" duration-ms="5026" started-at="2016-10-30T12:51:30Z" finished-at="2016-10-30T12:51:35Z">
          <reporter-output>
          </reporter-output>
        </test-method> <!-- Login_Test_valid -->
        <test-method status="PASS" signature="CloseBrowser()[pri:0, instance:TestCases.Login@7e0babb1]" name="CloseBrowser" is-config="true" duration-ms="34" started-at="2016-10-30T12:51:35Z" finished-at="2016-10-30T12:51:35Z">
          <reporter-output>
          </reporter-output>
        </test-method> <!-- CloseBrowser -->
      </class> <!-- TestCases.Login -->
    </test> <!-- Test -->
  </suite> <!-- Suite -->
</testng-results>
